TN:
SF:src\controllers\books.controller.ts
FN:8,BooksController
FN:15,findAllBooks
FN:20,findBoookById
FN:27,createBook
FN:32,updateBook
FN:39,removeBook
FNF:6
FNH:6
FNDA:5,BooksController
FNDA:1,findAllBooks
FNDA:1,findBoookById
FNDA:1,createBook
FNDA:1,updateBook
FNDA:1,removeBook
DA:1,1
DA:2,1
DA:3,1
DA:4,1
DA:5,1
DA:6,1
DA:7,1
DA:8,1
DA:9,5
DA:10,5
DA:11,5
DA:12,5
DA:13,1
DA:14,1
DA:15,1
DA:16,1
DA:17,1
DA:18,1
DA:19,1
DA:20,1
DA:21,1
DA:22,1
DA:23,1
DA:24,1
DA:25,1
DA:26,1
DA:27,1
DA:28,1
DA:29,1
DA:30,1
DA:31,1
DA:32,1
DA:33,1
DA:34,1
DA:35,1
DA:36,1
DA:37,1
DA:38,1
DA:39,1
DA:40,1
DA:41,1
DA:42,1
DA:43,1
DA:44,1
DA:45,1
DA:46,1
LF:46
LH:46
BRDA:8,0,0,5
BRDA:15,1,0,1
BRDA:20,2,0,1
BRDA:22,3,0,0
BRDA:27,4,0,1
BRDA:32,5,0,1
BRDA:34,6,0,0
BRDA:39,7,0,1
BRDA:41,8,0,0
BRF:9
BRH:6
end_of_record
TN:
SF:src\models\book.model.ts
FNF:0
FNH:0
DA:1,1
DA:2,1
DA:3,1
DA:4,1
DA:5,1
DA:6,1
DA:7,1
DA:8,1
DA:9,1
DA:10,1
DA:11,1
DA:12,1
DA:13,1
DA:14,1
DA:15,1
DA:16,1
DA:17,1
DA:18,1
DA:19,1
DA:20,1
LF:20
LH:20
BRF:0
BRH:0
end_of_record
TN:
SF:src\repositories\books.repository.ts
FN:5,findAllBooks
FN:10,findBookById
FN:15,createBook
FN:20,updateBookById
FN:25,removeBook
FNF:5
FNH:0
FNDA:0,findAllBooks
FNDA:0,findBookById
FNDA:0,createBook
FNDA:0,updateBookById
FNDA:0,removeBook
DA:1,1
DA:2,1
DA:3,1
DA:4,1
DA:5,1
DA:6,0
DA:7,0
DA:8,0
DA:9,1
DA:10,1
DA:11,0
DA:12,0
DA:13,0
DA:14,1
DA:15,1
DA:16,0
DA:17,0
DA:18,0
DA:19,1
DA:20,1
DA:21,0
DA:22,0
DA:23,0
DA:24,1
DA:25,1
DA:26,0
DA:27,0
DA:28,0
DA:29,1
LF:29
LH:14
BRF:0
BRH:0
end_of_record
TN:
SF:src\services\books.service.ts
FN:6,BooksService
FN:9,getAllBooks
FN:14,getBookById
FN:19,createBook
FN:24,updateBook
FN:29,deleteBook
FNF:6
FNH:1
FNDA:10,BooksService
FNDA:0,getAllBooks
FNDA:0,getBookById
FNDA:0,createBook
FNDA:0,updateBook
FNDA:0,deleteBook
DA:1,1
DA:2,1
DA:3,1
DA:4,1
DA:5,1
DA:6,1
DA:7,10
DA:8,10
DA:9,1
DA:10,0
DA:11,0
DA:12,0
DA:13,1
DA:14,1
DA:15,0
DA:16,0
DA:17,0
DA:18,1
DA:19,1
DA:20,0
DA:21,0
DA:22,0
DA:23,1
DA:24,1
DA:25,0
DA:26,0
DA:27,0
DA:28,1
DA:29,1
DA:30,0
DA:31,0
DA:32,0
DA:33,1
LF:33
LH:18
BRDA:6,0,0,10
BRF:1
BRH:1
end_of_record
TN:
SF:src\tests\samples\books\books.sample.ts
FNF:0
FNH:0
DA:1,1
DA:2,1
DA:3,1
DA:4,1
DA:5,1
DA:6,1
DA:7,1
DA:8,1
DA:9,1
DA:10,1
DA:11,1
DA:12,1
DA:13,1
DA:14,1
DA:15,1
DA:16,1
DA:17,1
DA:18,1
DA:19,1
DA:20,1
DA:21,1
LF:21
LH:21
BRF:0
BRH:0
end_of_record
